{"C:\\ERIC\\Node\\practice\\vidly\\index.js": {"path":"C:\\ERIC\\Node\\practice\\vidly\\index.js","statementMap":{"0":{"start":{"line":1,"column":16},"end":{"line":1,"column":34}},"1":{"start":{"line":2,"column":16},"end":{"line":2,"column":34}},"2":{"start":{"line":3,"column":12},"end":{"line":3,"column":21}},"3":{"start":{"line":4,"column":0},"end":{"line":4,"column":31}},"4":{"start":{"line":5,"column":0},"end":{"line":5,"column":30}},"5":{"start":{"line":6,"column":0},"end":{"line":6,"column":33}},"6":{"start":{"line":7,"column":0},"end":{"line":7,"column":26}},"7":{"start":{"line":8,"column":0},"end":{"line":8,"column":34}},"8":{"start":{"line":10,"column":13},"end":{"line":10,"column":37}},"9":{"start":{"line":11,"column":15},"end":{"line":11,"column":79}},"10":{"start":{"line":11,"column":37},"end":{"line":11,"column":78}},"11":{"start":{"line":13,"column":0},"end":{"line":13,"column":24}}},"fnMap":{"0":{"name":"(anonymous_0)","decl":{"start":{"line":11,"column":32},"end":{"line":11,"column":33}},"loc":{"start":{"line":11,"column":37},"end":{"line":11,"column":78}},"line":11}},"branchMap":{"0":{"loc":{"start":{"line":10,"column":13},"end":{"line":10,"column":37}},"type":"binary-expr","locations":[{"start":{"line":10,"column":13},"end":{"line":10,"column":29}},{"start":{"line":10,"column":33},"end":{"line":10,"column":37}}],"line":10}},"s":{"0":1,"1":1,"2":1,"3":1,"4":1,"5":1,"6":1,"7":1,"8":1,"9":1,"10":1,"11":1},"f":{"0":1},"b":{"0":[1,0]},"_coverageSchema":"43e27e138ebf9cfc5966b082cf9a028302ed4184","hash":"402c5c7e7e0074fc887b7991acdbd6a3d28a44a1"}
,"C:\\ERIC\\Node\\practice\\vidly\\middleware\\admin.js": {"path":"C:\\ERIC\\Node\\practice\\vidly\\middleware\\admin.js","statementMap":{"0":{"start":{"line":1,"column":0},"end":{"line":6,"column":1}},"1":{"start":{"line":3,"column":4},"end":{"line":3,"column":72}},"2":{"start":{"line":3,"column":26},"end":{"line":3,"column":72}},"3":{"start":{"line":5,"column":4},"end":{"line":5,"column":11}}},"fnMap":{"0":{"name":"(anonymous_0)","decl":{"start":{"line":1,"column":17},"end":{"line":1,"column":18}},"loc":{"start":{"line":1,"column":41},"end":{"line":6,"column":1}},"line":1}},"branchMap":{"0":{"loc":{"start":{"line":3,"column":4},"end":{"line":3,"column":72}},"type":"if","locations":[{"start":{"line":3,"column":4},"end":{"line":3,"column":72}},{"start":{"line":3,"column":4},"end":{"line":3,"column":72}}],"line":3}},"s":{"0":1,"1":0,"2":0,"3":0},"f":{"0":0},"b":{"0":[0,0]},"_coverageSchema":"43e27e138ebf9cfc5966b082cf9a028302ed4184","hash":"da4441be79462d65cd7a040cb5b54ce60418a66c"}
,"C:\\ERIC\\Node\\practice\\vidly\\middleware\\auth.js": {"path":"C:\\ERIC\\Node\\practice\\vidly\\middleware\\auth.js","statementMap":{"0":{"start":{"line":1,"column":12},"end":{"line":1,"column":35}},"1":{"start":{"line":2,"column":14},"end":{"line":2,"column":31}},"2":{"start":{"line":5,"column":18},"end":{"line":5,"column":44}},"3":{"start":{"line":6,"column":4},"end":{"line":6,"column":80}},"4":{"start":{"line":6,"column":15},"end":{"line":6,"column":80}},"5":{"start":{"line":8,"column":4},"end":{"line":15,"column":5}},"6":{"start":{"line":9,"column":24},"end":{"line":9,"column":70}},"7":{"start":{"line":10,"column":8},"end":{"line":10,"column":27}},"8":{"start":{"line":11,"column":8},"end":{"line":11,"column":15}},"9":{"start":{"line":14,"column":8},"end":{"line":14,"column":46}},"10":{"start":{"line":19,"column":0},"end":{"line":19,"column":22}}},"fnMap":{"0":{"name":"auth","decl":{"start":{"line":4,"column":9},"end":{"line":4,"column":13}},"loc":{"start":{"line":4,"column":29},"end":{"line":17,"column":1}},"line":4}},"branchMap":{"0":{"loc":{"start":{"line":6,"column":4},"end":{"line":6,"column":80}},"type":"if","locations":[{"start":{"line":6,"column":4},"end":{"line":6,"column":80}},{"start":{"line":6,"column":4},"end":{"line":6,"column":80}}],"line":6}},"s":{"0":1,"1":1,"2":10,"3":10,"4":1,"5":9,"6":9,"7":9,"8":9,"9":0,"10":1},"f":{"0":10},"b":{"0":[1,9]},"_coverageSchema":"43e27e138ebf9cfc5966b082cf9a028302ed4184","hash":"42b71f4fdd13230547f99e3abd4779cda76e3761"}
,"C:\\ERIC\\Node\\practice\\vidly\\middleware\\error.js": {"path":"C:\\ERIC\\Node\\practice\\vidly\\middleware\\error.js","statementMap":{"0":{"start":{"line":1,"column":16},"end":{"line":1,"column":34}},"1":{"start":{"line":3,"column":0},"end":{"line":6,"column":1}},"2":{"start":{"line":4,"column":4},"end":{"line":4,"column":36}},"3":{"start":{"line":5,"column":4},"end":{"line":5,"column":46}}},"fnMap":{"0":{"name":"(anonymous_0)","decl":{"start":{"line":3,"column":18},"end":{"line":3,"column":19}},"loc":{"start":{"line":3,"column":47},"end":{"line":6,"column":1}},"line":3}},"branchMap":{},"s":{"0":1,"1":1,"2":0,"3":0},"f":{"0":0},"b":{},"_coverageSchema":"43e27e138ebf9cfc5966b082cf9a028302ed4184","hash":"ddeb41ab9a0a2b58c8b99d114ca0811b50e30aaa"}
,"C:\\ERIC\\Node\\practice\\vidly\\middleware\\validate.js": {"path":"C:\\ERIC\\Node\\practice\\vidly\\middleware\\validate.js","statementMap":{"0":{"start":{"line":1,"column":0},"end":{"line":7,"column":1}},"1":{"start":{"line":2,"column":4},"end":{"line":6,"column":5}},"2":{"start":{"line":3,"column":24},"end":{"line":3,"column":43}},"3":{"start":{"line":4,"column":8},"end":{"line":4,"column":73}},"4":{"start":{"line":4,"column":19},"end":{"line":4,"column":73}},"5":{"start":{"line":5,"column":8},"end":{"line":5,"column":15}}},"fnMap":{"0":{"name":"(anonymous_0)","decl":{"start":{"line":1,"column":17},"end":{"line":1,"column":18}},"loc":{"start":{"line":1,"column":31},"end":{"line":7,"column":1}},"line":1},"1":{"name":"(anonymous_1)","decl":{"start":{"line":2,"column":11},"end":{"line":2,"column":12}},"loc":{"start":{"line":2,"column":30},"end":{"line":6,"column":5}},"line":2}},"branchMap":{"0":{"loc":{"start":{"line":4,"column":8},"end":{"line":4,"column":73}},"type":"if","locations":[{"start":{"line":4,"column":8},"end":{"line":4,"column":73}},{"start":{"line":4,"column":8},"end":{"line":4,"column":73}}],"line":4}},"s":{"0":1,"1":1,"2":9,"3":9,"4":2,"5":7},"f":{"0":1,"1":9},"b":{"0":[2,7]},"_coverageSchema":"43e27e138ebf9cfc5966b082cf9a028302ed4184","hash":"fcd54e1dbdd118f711ab0c47e02b32c592911685"}
,"C:\\ERIC\\Node\\practice\\vidly\\middleware\\validateObjectID.js": {"path":"C:\\ERIC\\Node\\practice\\vidly\\middleware\\validateObjectID.js","statementMap":{"0":{"start":{"line":1,"column":17},"end":{"line":1,"column":36}},"1":{"start":{"line":3,"column":0},"end":{"line":8,"column":1}},"2":{"start":{"line":4,"column":4},"end":{"line":5,"column":46}},"3":{"start":{"line":5,"column":4},"end":{"line":5,"column":46}},"4":{"start":{"line":7,"column":4},"end":{"line":7,"column":11}}},"fnMap":{"0":{"name":"(anonymous_0)","decl":{"start":{"line":3,"column":17},"end":{"line":3,"column":18}},"loc":{"start":{"line":3,"column":41},"end":{"line":8,"column":1}},"line":3}},"branchMap":{"0":{"loc":{"start":{"line":4,"column":4},"end":{"line":5,"column":46}},"type":"if","locations":[{"start":{"line":4,"column":4},"end":{"line":5,"column":46}},{"start":{"line":4,"column":4},"end":{"line":5,"column":46}}],"line":4}},"s":{"0":1,"1":1,"2":0,"3":0,"4":0},"f":{"0":0},"b":{"0":[0,0]},"_coverageSchema":"43e27e138ebf9cfc5966b082cf9a028302ed4184","hash":"632a0f5277efac5b8bf26a5a1cf2a972ad17297f"}
,"C:\\ERIC\\Node\\practice\\vidly\\models\\customer.js": {"path":"C:\\ERIC\\Node\\practice\\vidly\\models\\customer.js","statementMap":{"0":{"start":{"line":1,"column":12},"end":{"line":1,"column":26}},"1":{"start":{"line":2,"column":17},"end":{"line":2,"column":36}},"2":{"start":{"line":4,"column":17},"end":{"line":21,"column":3}},"3":{"start":{"line":24,"column":26},"end":{"line":28,"column":5}},"4":{"start":{"line":29,"column":4},"end":{"line":29,"column":50}},"5":{"start":{"line":32,"column":0},"end":{"line":32,"column":28}},"6":{"start":{"line":33,"column":0},"end":{"line":33,"column":36}}},"fnMap":{"0":{"name":"validateCustomer","decl":{"start":{"line":23,"column":9},"end":{"line":23,"column":25}},"loc":{"start":{"line":23,"column":35},"end":{"line":30,"column":1}},"line":23}},"branchMap":{},"s":{"0":1,"1":1,"2":1,"3":0,"4":0,"5":1,"6":1},"f":{"0":0},"b":{},"_coverageSchema":"43e27e138ebf9cfc5966b082cf9a028302ed4184","hash":"4eda2027c94136d3366da1b6cb6e57cb9549ca4f"}
,"C:\\ERIC\\Node\\practice\\vidly\\models\\genre.js": {"path":"C:\\ERIC\\Node\\practice\\vidly\\models\\genre.js","statementMap":{"0":{"start":{"line":1,"column":12},"end":{"line":1,"column":26}},"1":{"start":{"line":2,"column":17},"end":{"line":2,"column":36}},"2":{"start":{"line":4,"column":20},"end":{"line":11,"column":2}},"3":{"start":{"line":13,"column":14},"end":{"line":13,"column":50}},"4":{"start":{"line":16,"column":23},"end":{"line":18,"column":5}},"5":{"start":{"line":19,"column":4},"end":{"line":19,"column":44}},"6":{"start":{"line":22,"column":0},"end":{"line":22,"column":22}},"7":{"start":{"line":23,"column":0},"end":{"line":23,"column":33}},"8":{"start":{"line":24,"column":0},"end":{"line":24,"column":34}}},"fnMap":{"0":{"name":"validateGenre","decl":{"start":{"line":15,"column":9},"end":{"line":15,"column":22}},"loc":{"start":{"line":15,"column":29},"end":{"line":20,"column":1}},"line":15}},"branchMap":{},"s":{"0":1,"1":1,"2":1,"3":1,"4":0,"5":0,"6":1,"7":1,"8":1},"f":{"0":0},"b":{},"_coverageSchema":"43e27e138ebf9cfc5966b082cf9a028302ed4184","hash":"b77d7fc811ed58b386c16b462ad0e45b8affd953"}
,"C:\\ERIC\\Node\\practice\\vidly\\models\\movie.js": {"path":"C:\\ERIC\\Node\\practice\\vidly\\models\\movie.js","statementMap":{"0":{"start":{"line":1,"column":12},"end":{"line":1,"column":26}},"1":{"start":{"line":2,"column":17},"end":{"line":2,"column":36}},"2":{"start":{"line":3,"column":22},"end":{"line":3,"column":40}},"3":{"start":{"line":5,"column":14},"end":{"line":29,"column":3}},"4":{"start":{"line":32,"column":23},"end":{"line":37,"column":5}},"5":{"start":{"line":38,"column":4},"end":{"line":38,"column":44}},"6":{"start":{"line":41,"column":0},"end":{"line":41,"column":22}},"7":{"start":{"line":42,"column":0},"end":{"line":42,"column":33}}},"fnMap":{"0":{"name":"validateMovie","decl":{"start":{"line":31,"column":9},"end":{"line":31,"column":22}},"loc":{"start":{"line":31,"column":29},"end":{"line":39,"column":1}},"line":31}},"branchMap":{},"s":{"0":1,"1":1,"2":1,"3":1,"4":0,"5":0,"6":1,"7":1},"f":{"0":0},"b":{},"_coverageSchema":"43e27e138ebf9cfc5966b082cf9a028302ed4184","hash":"a9d511c268385ff47f143429f2a9d0ea7583a642"}
,"C:\\ERIC\\Node\\practice\\vidly\\models\\rental.js": {"path":"C:\\ERIC\\Node\\practice\\vidly\\models\\rental.js","statementMap":{"0":{"start":{"line":1,"column":12},"end":{"line":1,"column":26}},"1":{"start":{"line":2,"column":15},"end":{"line":2,"column":32}},"2":{"start":{"line":5,"column":17},"end":{"line":5,"column":36}},"3":{"start":{"line":7,"column":20},"end":{"line":60,"column":2}},"4":{"start":{"line":62,"column":0},"end":{"line":67,"column":1}},"5":{"start":{"line":63,"column":4},"end":{"line":66,"column":7}},"6":{"start":{"line":69,"column":0},"end":{"line":78,"column":1}},"7":{"start":{"line":70,"column":4},"end":{"line":70,"column":35}},"8":{"start":{"line":72,"column":23},"end":{"line":72,"column":58}},"9":{"start":{"line":73,"column":4},"end":{"line":73,"column":61}},"10":{"start":{"line":75,"column":4},"end":{"line":75,"column":16}},"11":{"start":{"line":77,"column":4},"end":{"line":77,"column":11}},"12":{"start":{"line":80,"column":15},"end":{"line":80,"column":53}},"13":{"start":{"line":83,"column":19},"end":{"line":86,"column":5}},"14":{"start":{"line":87,"column":4},"end":{"line":87,"column":40}},"15":{"start":{"line":90,"column":0},"end":{"line":90,"column":24}},"16":{"start":{"line":91,"column":0},"end":{"line":91,"column":34}}},"fnMap":{"0":{"name":"(anonymous_0)","decl":{"start":{"line":62,"column":30},"end":{"line":62,"column":31}},"loc":{"start":{"line":62,"column":59},"end":{"line":67,"column":1}},"line":62},"1":{"name":"(anonymous_1)","decl":{"start":{"line":69,"column":30},"end":{"line":69,"column":31}},"loc":{"start":{"line":69,"column":40},"end":{"line":78,"column":1}},"line":69},"2":{"name":"validateRental","decl":{"start":{"line":82,"column":9},"end":{"line":82,"column":23}},"loc":{"start":{"line":82,"column":31},"end":{"line":88,"column":1}},"line":82}},"branchMap":{},"s":{"0":1,"1":1,"2":1,"3":1,"4":1,"5":7,"6":1,"7":5,"8":5,"9":5,"10":5,"11":5,"12":1,"13":0,"14":0,"15":1,"16":1},"f":{"0":7,"1":5,"2":0},"b":{},"_coverageSchema":"43e27e138ebf9cfc5966b082cf9a028302ed4184","hash":"0519984a2d441d9b46717b2cd2377a832364bb73"}
,"C:\\ERIC\\Node\\practice\\vidly\\models\\user.js": {"path":"C:\\ERIC\\Node\\practice\\vidly\\models\\user.js","statementMap":{"0":{"start":{"line":1,"column":12},"end":{"line":1,"column":26}},"1":{"start":{"line":2,"column":15},"end":{"line":2,"column":32}},"2":{"start":{"line":3,"column":17},"end":{"line":3,"column":36}},"3":{"start":{"line":4,"column":12},"end":{"line":4,"column":35}},"4":{"start":{"line":6,"column":18},"end":{"line":27,"column":2}},"5":{"start":{"line":29,"column":0},"end":{"line":32,"column":1}},"6":{"start":{"line":30,"column":18},"end":{"line":30,"column":95}},"7":{"start":{"line":31,"column":4},"end":{"line":31,"column":17}},"8":{"start":{"line":36,"column":0},"end":{"line":40,"column":1}},"9":{"start":{"line":37,"column":4},"end":{"line":37,"column":46}},"10":{"start":{"line":39,"column":4},"end":{"line":39,"column":18}},"11":{"start":{"line":43,"column":19},"end":{"line":47,"column":5}},"12":{"start":{"line":48,"column":4},"end":{"line":48,"column":38}},"13":{"start":{"line":51,"column":0},"end":{"line":51,"column":20}},"14":{"start":{"line":52,"column":0},"end":{"line":52,"column":32}}},"fnMap":{"0":{"name":"(anonymous_0)","decl":{"start":{"line":29,"column":38},"end":{"line":29,"column":39}},"loc":{"start":{"line":29,"column":48},"end":{"line":32,"column":1}},"line":29},"1":{"name":"validateUser","decl":{"start":{"line":42,"column":9},"end":{"line":42,"column":21}},"loc":{"start":{"line":42,"column":27},"end":{"line":49,"column":1}},"line":42}},"branchMap":{},"s":{"0":2,"1":2,"2":2,"3":2,"4":2,"5":2,"6":10,"7":10,"8":2,"9":2,"10":1,"11":0,"12":0,"13":2,"14":2},"f":{"0":10,"1":0},"b":{},"_coverageSchema":"43e27e138ebf9cfc5966b082cf9a028302ed4184","hash":"56fcfa7d75905b65aebdedb7e91182fc73e1a99a"}
,"C:\\ERIC\\Node\\practice\\vidly\\routes\\auth.js": {"path":"C:\\ERIC\\Node\\practice\\vidly\\routes\\auth.js","statementMap":{"0":{"start":{"line":1,"column":15},"end":{"line":1,"column":40}},"1":{"start":{"line":2,"column":16},"end":{"line":2,"column":34}},"2":{"start":{"line":3,"column":15},"end":{"line":3,"column":31}},"3":{"start":{"line":4,"column":17},"end":{"line":4,"column":36}},"4":{"start":{"line":5,"column":15},"end":{"line":5,"column":32}},"5":{"start":{"line":6,"column":12},"end":{"line":6,"column":26}},"6":{"start":{"line":8,"column":0},"end":{"line":20,"column":3}},"7":{"start":{"line":9,"column":20},"end":{"line":9,"column":38}},"8":{"start":{"line":10,"column":4},"end":{"line":10,"column":62}},"9":{"start":{"line":10,"column":15},"end":{"line":10,"column":62}},"10":{"start":{"line":12,"column":15},"end":{"line":12,"column":59}},"11":{"start":{"line":13,"column":4},"end":{"line":13,"column":71}},"12":{"start":{"line":13,"column":14},"end":{"line":13,"column":71}},"13":{"start":{"line":15,"column":26},"end":{"line":15,"column":80}},"14":{"start":{"line":16,"column":4},"end":{"line":16,"column":80}},"15":{"start":{"line":16,"column":23},"end":{"line":16,"column":80}},"16":{"start":{"line":18,"column":18},"end":{"line":18,"column":42}},"17":{"start":{"line":19,"column":4},"end":{"line":19,"column":20}},"18":{"start":{"line":23,"column":19},"end":{"line":26,"column":5}},"19":{"start":{"line":27,"column":4},"end":{"line":27,"column":37}},"20":{"start":{"line":32,"column":0},"end":{"line":32,"column":24}}},"fnMap":{"0":{"name":"(anonymous_0)","decl":{"start":{"line":8,"column":17},"end":{"line":8,"column":18}},"loc":{"start":{"line":8,"column":35},"end":{"line":20,"column":1}},"line":8},"1":{"name":"validate","decl":{"start":{"line":22,"column":9},"end":{"line":22,"column":17}},"loc":{"start":{"line":22,"column":22},"end":{"line":28,"column":1}},"line":22}},"branchMap":{"0":{"loc":{"start":{"line":10,"column":4},"end":{"line":10,"column":62}},"type":"if","locations":[{"start":{"line":10,"column":4},"end":{"line":10,"column":62}},{"start":{"line":10,"column":4},"end":{"line":10,"column":62}}],"line":10},"1":{"loc":{"start":{"line":13,"column":4},"end":{"line":13,"column":71}},"type":"if","locations":[{"start":{"line":13,"column":4},"end":{"line":13,"column":71}},{"start":{"line":13,"column":4},"end":{"line":13,"column":71}}],"line":13},"2":{"loc":{"start":{"line":16,"column":4},"end":{"line":16,"column":80}},"type":"if","locations":[{"start":{"line":16,"column":4},"end":{"line":16,"column":80}},{"start":{"line":16,"column":4},"end":{"line":16,"column":80}}],"line":16}},"s":{"0":1,"1":1,"2":1,"3":1,"4":1,"5":1,"6":1,"7":0,"8":0,"9":0,"10":0,"11":0,"12":0,"13":0,"14":0,"15":0,"16":0,"17":0,"18":0,"19":0,"20":1},"f":{"0":0,"1":0},"b":{"0":[0,0],"1":[0,0],"2":[0,0]},"_coverageSchema":"43e27e138ebf9cfc5966b082cf9a028302ed4184","hash":"80af3faaaf37f0a403a3071167d6b373b8525534"}
,"C:\\ERIC\\Node\\practice\\vidly\\routes\\customers.js": {"path":"C:\\ERIC\\Node\\practice\\vidly\\routes\\customers.js","statementMap":{"0":{"start":{"line":1,"column":29},"end":{"line":1,"column":58}},"1":{"start":{"line":2,"column":17},"end":{"line":2,"column":36}},"2":{"start":{"line":3,"column":16},"end":{"line":3,"column":34}},"3":{"start":{"line":4,"column":15},"end":{"line":4,"column":31}},"4":{"start":{"line":5,"column":13},"end":{"line":5,"column":42}},"5":{"start":{"line":9,"column":0},"end":{"line":15,"column":3}},"6":{"start":{"line":10,"column":22},"end":{"line":13,"column":32}},"7":{"start":{"line":14,"column":4},"end":{"line":14,"column":23}},"8":{"start":{"line":17,"column":0},"end":{"line":22,"column":3}},"9":{"start":{"line":18,"column":21},"end":{"line":19,"column":89}},"10":{"start":{"line":19,"column":8},"end":{"line":19,"column":88}},"11":{"start":{"line":21,"column":4},"end":{"line":21,"column":22}},"12":{"start":{"line":24,"column":0},"end":{"line":36,"column":3}},"13":{"start":{"line":25,"column":20},"end":{"line":25,"column":38}},"14":{"start":{"line":26,"column":4},"end":{"line":26,"column":62}},"15":{"start":{"line":26,"column":15},"end":{"line":26,"column":62}},"16":{"start":{"line":28,"column":21},"end":{"line":32,"column":6}},"17":{"start":{"line":33,"column":19},"end":{"line":33,"column":40}},"18":{"start":{"line":35,"column":4},"end":{"line":35,"column":21}},"19":{"start":{"line":38,"column":0},"end":{"line":48,"column":3}},"20":{"start":{"line":39,"column":20},"end":{"line":39,"column":38}},"21":{"start":{"line":40,"column":4},"end":{"line":40,"column":68}},"22":{"start":{"line":40,"column":14},"end":{"line":40,"column":68}},"23":{"start":{"line":42,"column":21},"end":{"line":43,"column":96}},"24":{"start":{"line":43,"column":15},"end":{"line":43,"column":95}},"25":{"start":{"line":45,"column":4},"end":{"line":45,"column":27}},"26":{"start":{"line":47,"column":4},"end":{"line":47,"column":23}},"27":{"start":{"line":50,"column":0},"end":{"line":55,"column":3}},"28":{"start":{"line":51,"column":21},"end":{"line":52,"column":85}},"29":{"start":{"line":52,"column":4},"end":{"line":52,"column":84}},"30":{"start":{"line":54,"column":4},"end":{"line":54,"column":23}},"31":{"start":{"line":57,"column":0},"end":{"line":57,"column":24}}},"fnMap":{"0":{"name":"(anonymous_0)","decl":{"start":{"line":9,"column":16},"end":{"line":9,"column":17}},"loc":{"start":{"line":9,"column":34},"end":{"line":15,"column":1}},"line":9},"1":{"name":"(anonymous_1)","decl":{"start":{"line":17,"column":19},"end":{"line":17,"column":20}},"loc":{"start":{"line":17,"column":37},"end":{"line":22,"column":1}},"line":17},"2":{"name":"(anonymous_2)","decl":{"start":{"line":18,"column":66},"end":{"line":18,"column":67}},"loc":{"start":{"line":19,"column":8},"end":{"line":19,"column":88}},"line":19},"3":{"name":"(anonymous_3)","decl":{"start":{"line":24,"column":23},"end":{"line":24,"column":24}},"loc":{"start":{"line":24,"column":41},"end":{"line":36,"column":1}},"line":24},"4":{"name":"(anonymous_4)","decl":{"start":{"line":38,"column":26},"end":{"line":38,"column":27}},"loc":{"start":{"line":38,"column":44},"end":{"line":48,"column":1}},"line":38},"5":{"name":"(anonymous_5)","decl":{"start":{"line":43,"column":11},"end":{"line":43,"column":12}},"loc":{"start":{"line":43,"column":15},"end":{"line":43,"column":95}},"line":43},"6":{"name":"(anonymous_6)","decl":{"start":{"line":50,"column":28},"end":{"line":50,"column":29}},"loc":{"start":{"line":50,"column":45},"end":{"line":55,"column":1}},"line":50},"7":{"name":"(anonymous_7)","decl":{"start":{"line":51,"column":75},"end":{"line":51,"column":76}},"loc":{"start":{"line":52,"column":4},"end":{"line":52,"column":84}},"line":52}},"branchMap":{"0":{"loc":{"start":{"line":26,"column":4},"end":{"line":26,"column":62}},"type":"if","locations":[{"start":{"line":26,"column":4},"end":{"line":26,"column":62}},{"start":{"line":26,"column":4},"end":{"line":26,"column":62}}],"line":26},"1":{"loc":{"start":{"line":40,"column":4},"end":{"line":40,"column":68}},"type":"if","locations":[{"start":{"line":40,"column":4},"end":{"line":40,"column":68}},{"start":{"line":40,"column":4},"end":{"line":40,"column":68}}],"line":40}},"s":{"0":1,"1":1,"2":1,"3":1,"4":1,"5":1,"6":0,"7":0,"8":1,"9":0,"10":0,"11":0,"12":1,"13":0,"14":0,"15":0,"16":0,"17":0,"18":0,"19":1,"20":0,"21":0,"22":0,"23":0,"24":0,"25":0,"26":0,"27":1,"28":0,"29":0,"30":0,"31":1},"f":{"0":0,"1":0,"2":0,"3":0,"4":0,"5":0,"6":0,"7":0},"b":{"0":[0,0],"1":[0,0]},"_coverageSchema":"43e27e138ebf9cfc5966b082cf9a028302ed4184","hash":"2547888fa520d32c37607fe8420f931a039ad7c3"}
,"C:\\ERIC\\Node\\practice\\vidly\\routes\\genres.js": {"path":"C:\\ERIC\\Node\\practice\\vidly\\routes\\genres.js","statementMap":{"0":{"start":{"line":1,"column":26},"end":{"line":1,"column":52}},"1":{"start":{"line":2,"column":16},"end":{"line":2,"column":34}},"2":{"start":{"line":3,"column":15},"end":{"line":3,"column":31}},"3":{"start":{"line":4,"column":17},"end":{"line":4,"column":36}},"4":{"start":{"line":5,"column":13},"end":{"line":5,"column":42}},"5":{"start":{"line":6,"column":14},"end":{"line":6,"column":44}},"6":{"start":{"line":7,"column":25},"end":{"line":7,"column":66}},"7":{"start":{"line":9,"column":0},"end":{"line":12,"column":3}},"8":{"start":{"line":10,"column":19},"end":{"line":10,"column":50}},"9":{"start":{"line":11,"column":4},"end":{"line":11,"column":21}},"10":{"start":{"line":14,"column":0},"end":{"line":20,"column":3}},"11":{"start":{"line":15,"column":18},"end":{"line":15,"column":53}},"12":{"start":{"line":17,"column":4},"end":{"line":17,"column":101}},"13":{"start":{"line":17,"column":16},"end":{"line":17,"column":101}},"14":{"start":{"line":19,"column":4},"end":{"line":19,"column":20}},"15":{"start":{"line":22,"column":0},"end":{"line":31,"column":3}},"16":{"start":{"line":24,"column":20},"end":{"line":24,"column":38}},"17":{"start":{"line":25,"column":4},"end":{"line":25,"column":62}},"18":{"start":{"line":25,"column":15},"end":{"line":25,"column":62}},"19":{"start":{"line":27,"column":18},"end":{"line":27,"column":50}},"20":{"start":{"line":28,"column":19},"end":{"line":28,"column":37}},"21":{"start":{"line":30,"column":4},"end":{"line":30,"column":21}},"22":{"start":{"line":33,"column":0},"end":{"line":41,"column":3}},"23":{"start":{"line":34,"column":20},"end":{"line":34,"column":38}},"24":{"start":{"line":35,"column":4},"end":{"line":35,"column":68}},"25":{"start":{"line":35,"column":14},"end":{"line":35,"column":68}},"26":{"start":{"line":37,"column":18},"end":{"line":38,"column":82}},"27":{"start":{"line":38,"column":4},"end":{"line":38,"column":81}},"28":{"start":{"line":40,"column":4},"end":{"line":40,"column":20}},"29":{"start":{"line":43,"column":0},"end":{"line":48,"column":3}},"30":{"start":{"line":44,"column":18},"end":{"line":45,"column":82}},"31":{"start":{"line":45,"column":4},"end":{"line":45,"column":81}},"32":{"start":{"line":47,"column":4},"end":{"line":47,"column":20}},"33":{"start":{"line":50,"column":0},"end":{"line":50,"column":24}}},"fnMap":{"0":{"name":"(anonymous_0)","decl":{"start":{"line":9,"column":16},"end":{"line":9,"column":17}},"loc":{"start":{"line":9,"column":34},"end":{"line":12,"column":1}},"line":9},"1":{"name":"(anonymous_1)","decl":{"start":{"line":14,"column":37},"end":{"line":14,"column":38}},"loc":{"start":{"line":14,"column":55},"end":{"line":20,"column":1}},"line":14},"2":{"name":"(anonymous_2)","decl":{"start":{"line":22,"column":23},"end":{"line":22,"column":24}},"loc":{"start":{"line":22,"column":41},"end":{"line":31,"column":1}},"line":22},"3":{"name":"(anonymous_3)","decl":{"start":{"line":33,"column":25},"end":{"line":33,"column":26}},"loc":{"start":{"line":33,"column":43},"end":{"line":41,"column":1}},"line":33},"4":{"name":"(anonymous_4)","decl":{"start":{"line":37,"column":105},"end":{"line":37,"column":106}},"loc":{"start":{"line":38,"column":4},"end":{"line":38,"column":81}},"line":38},"5":{"name":"(anonymous_5)","decl":{"start":{"line":43,"column":37},"end":{"line":43,"column":38}},"loc":{"start":{"line":43,"column":54},"end":{"line":48,"column":1}},"line":43},"6":{"name":"(anonymous_6)","decl":{"start":{"line":44,"column":69},"end":{"line":44,"column":70}},"loc":{"start":{"line":45,"column":4},"end":{"line":45,"column":81}},"line":45}},"branchMap":{"0":{"loc":{"start":{"line":17,"column":4},"end":{"line":17,"column":101}},"type":"if","locations":[{"start":{"line":17,"column":4},"end":{"line":17,"column":101}},{"start":{"line":17,"column":4},"end":{"line":17,"column":101}}],"line":17},"1":{"loc":{"start":{"line":25,"column":4},"end":{"line":25,"column":62}},"type":"if","locations":[{"start":{"line":25,"column":4},"end":{"line":25,"column":62}},{"start":{"line":25,"column":4},"end":{"line":25,"column":62}}],"line":25},"2":{"loc":{"start":{"line":35,"column":4},"end":{"line":35,"column":68}},"type":"if","locations":[{"start":{"line":35,"column":4},"end":{"line":35,"column":68}},{"start":{"line":35,"column":4},"end":{"line":35,"column":68}}],"line":35}},"s":{"0":1,"1":1,"2":1,"3":1,"4":1,"5":1,"6":1,"7":1,"8":0,"9":0,"10":1,"11":0,"12":0,"13":0,"14":0,"15":1,"16":0,"17":0,"18":0,"19":0,"20":0,"21":0,"22":1,"23":0,"24":0,"25":0,"26":0,"27":0,"28":0,"29":1,"30":0,"31":0,"32":0,"33":1},"f":{"0":0,"1":0,"2":0,"3":0,"4":0,"5":0,"6":0},"b":{"0":[0,0],"1":[0,0],"2":[0,0]},"_coverageSchema":"43e27e138ebf9cfc5966b082cf9a028302ed4184","hash":"fa35f4374962f70e4bf6cb13f873a3064b5b7157"}
,"C:\\ERIC\\Node\\practice\\vidly\\routes\\home.js": {"path":"C:\\ERIC\\Node\\practice\\vidly\\routes\\home.js","statementMap":{"0":{"start":{"line":1,"column":16},"end":{"line":1,"column":34}},"1":{"start":{"line":2,"column":15},"end":{"line":2,"column":31}},"2":{"start":{"line":4,"column":0},"end":{"line":5,"column":30}},"3":{"start":{"line":5,"column":0},"end":{"line":5,"column":28}},"4":{"start":{"line":7,"column":0},"end":{"line":7,"column":24}}},"fnMap":{"0":{"name":"(anonymous_0)","decl":{"start":{"line":4,"column":16},"end":{"line":4,"column":17}},"loc":{"start":{"line":5,"column":0},"end":{"line":5,"column":28}},"line":5}},"branchMap":{},"s":{"0":1,"1":1,"2":1,"3":0,"4":1},"f":{"0":0},"b":{},"_coverageSchema":"43e27e138ebf9cfc5966b082cf9a028302ed4184","hash":"a5c78b61d5021a96b2322d0aa671a8e0b3a405cd"}
,"C:\\ERIC\\Node\\practice\\vidly\\routes\\movies.js": {"path":"C:\\ERIC\\Node\\practice\\vidly\\routes\\movies.js","statementMap":{"0":{"start":{"line":1,"column":26},"end":{"line":1,"column":52}},"1":{"start":{"line":2,"column":16},"end":{"line":2,"column":42}},"2":{"start":{"line":3,"column":16},"end":{"line":3,"column":34}},"3":{"start":{"line":4,"column":15},"end":{"line":4,"column":31}},"4":{"start":{"line":5,"column":17},"end":{"line":5,"column":36}},"5":{"start":{"line":6,"column":13},"end":{"line":6,"column":42}},"6":{"start":{"line":9,"column":0},"end":{"line":12,"column":3}},"7":{"start":{"line":10,"column":19},"end":{"line":10,"column":50}},"8":{"start":{"line":11,"column":4},"end":{"line":11,"column":20}},"9":{"start":{"line":14,"column":0},"end":{"line":19,"column":3}},"10":{"start":{"line":15,"column":18},"end":{"line":16,"column":86}},"11":{"start":{"line":16,"column":8},"end":{"line":16,"column":85}},"12":{"start":{"line":18,"column":4},"end":{"line":18,"column":19}},"13":{"start":{"line":21,"column":0},"end":{"line":40,"column":3}},"14":{"start":{"line":22,"column":20},"end":{"line":22,"column":38}},"15":{"start":{"line":23,"column":4},"end":{"line":23,"column":62}},"16":{"start":{"line":23,"column":15},"end":{"line":23,"column":62}},"17":{"start":{"line":25,"column":19},"end":{"line":26,"column":82}},"18":{"start":{"line":26,"column":4},"end":{"line":26,"column":81}},"19":{"start":{"line":28,"column":18},"end":{"line":36,"column":6}},"20":{"start":{"line":37,"column":4},"end":{"line":37,"column":23}},"21":{"start":{"line":39,"column":4},"end":{"line":39,"column":20}},"22":{"start":{"line":42,"column":0},"end":{"line":50,"column":3}},"23":{"start":{"line":43,"column":20},"end":{"line":43,"column":38}},"24":{"start":{"line":44,"column":4},"end":{"line":44,"column":68}},"25":{"start":{"line":44,"column":14},"end":{"line":44,"column":68}},"26":{"start":{"line":46,"column":18},"end":{"line":47,"column":82}},"27":{"start":{"line":47,"column":4},"end":{"line":47,"column":81}},"28":{"start":{"line":49,"column":4},"end":{"line":49,"column":20}},"29":{"start":{"line":52,"column":0},"end":{"line":57,"column":3}},"30":{"start":{"line":53,"column":18},"end":{"line":54,"column":82}},"31":{"start":{"line":54,"column":4},"end":{"line":54,"column":81}},"32":{"start":{"line":56,"column":4},"end":{"line":56,"column":20}},"33":{"start":{"line":59,"column":0},"end":{"line":59,"column":24}}},"fnMap":{"0":{"name":"(anonymous_0)","decl":{"start":{"line":9,"column":16},"end":{"line":9,"column":17}},"loc":{"start":{"line":9,"column":34},"end":{"line":12,"column":1}},"line":9},"1":{"name":"(anonymous_1)","decl":{"start":{"line":14,"column":19},"end":{"line":14,"column":20}},"loc":{"start":{"line":14,"column":37},"end":{"line":19,"column":1}},"line":14},"2":{"name":"(anonymous_2)","decl":{"start":{"line":15,"column":60},"end":{"line":15,"column":61}},"loc":{"start":{"line":16,"column":8},"end":{"line":16,"column":85}},"line":16},"3":{"name":"(anonymous_3)","decl":{"start":{"line":21,"column":23},"end":{"line":21,"column":24}},"loc":{"start":{"line":21,"column":41},"end":{"line":40,"column":1}},"line":21},"4":{"name":"(anonymous_4)","decl":{"start":{"line":25,"column":64},"end":{"line":25,"column":65}},"loc":{"start":{"line":26,"column":4},"end":{"line":26,"column":81}},"line":26},"5":{"name":"(anonymous_5)","decl":{"start":{"line":42,"column":25},"end":{"line":42,"column":26}},"loc":{"start":{"line":42,"column":43},"end":{"line":50,"column":1}},"line":42},"6":{"name":"(anonymous_6)","decl":{"start":{"line":46,"column":99},"end":{"line":46,"column":100}},"loc":{"start":{"line":47,"column":4},"end":{"line":47,"column":81}},"line":47},"7":{"name":"(anonymous_7)","decl":{"start":{"line":52,"column":28},"end":{"line":52,"column":29}},"loc":{"start":{"line":52,"column":45},"end":{"line":57,"column":1}},"line":52},"8":{"name":"(anonymous_8)","decl":{"start":{"line":53,"column":69},"end":{"line":53,"column":70}},"loc":{"start":{"line":54,"column":4},"end":{"line":54,"column":81}},"line":54}},"branchMap":{"0":{"loc":{"start":{"line":23,"column":4},"end":{"line":23,"column":62}},"type":"if","locations":[{"start":{"line":23,"column":4},"end":{"line":23,"column":62}},{"start":{"line":23,"column":4},"end":{"line":23,"column":62}}],"line":23},"1":{"loc":{"start":{"line":44,"column":4},"end":{"line":44,"column":68}},"type":"if","locations":[{"start":{"line":44,"column":4},"end":{"line":44,"column":68}},{"start":{"line":44,"column":4},"end":{"line":44,"column":68}}],"line":44}},"s":{"0":1,"1":1,"2":1,"3":1,"4":1,"5":1,"6":1,"7":0,"8":0,"9":1,"10":0,"11":0,"12":0,"13":1,"14":0,"15":0,"16":0,"17":0,"18":0,"19":0,"20":0,"21":0,"22":1,"23":0,"24":0,"25":0,"26":0,"27":0,"28":0,"29":1,"30":0,"31":0,"32":0,"33":1},"f":{"0":0,"1":0,"2":0,"3":0,"4":0,"5":0,"6":0,"7":0,"8":0},"b":{"0":[0,0],"1":[0,0]},"_coverageSchema":"43e27e138ebf9cfc5966b082cf9a028302ed4184","hash":"781c95b5129d71db0e9a4db1e7ad0da531de426d"}
,"C:\\ERIC\\Node\\practice\\vidly\\routes\\rentals.js": {"path":"C:\\ERIC\\Node\\practice\\vidly\\routes\\rentals.js","statementMap":{"0":{"start":{"line":1,"column":27},"end":{"line":1,"column":54}},"1":{"start":{"line":2,"column":16},"end":{"line":2,"column":42}},"2":{"start":{"line":3,"column":19},"end":{"line":3,"column":48}},"3":{"start":{"line":4,"column":16},"end":{"line":4,"column":34}},"4":{"start":{"line":5,"column":15},"end":{"line":5,"column":31}},"5":{"start":{"line":6,"column":17},"end":{"line":6,"column":36}},"6":{"start":{"line":7,"column":13},"end":{"line":7,"column":28}},"7":{"start":{"line":8,"column":13},"end":{"line":8,"column":42}},"8":{"start":{"line":11,"column":0},"end":{"line":11,"column":20}},"9":{"start":{"line":13,"column":0},"end":{"line":16,"column":3}},"10":{"start":{"line":14,"column":20},"end":{"line":14,"column":56}},"11":{"start":{"line":15,"column":4},"end":{"line":15,"column":21}},"12":{"start":{"line":18,"column":0},"end":{"line":23,"column":3}},"13":{"start":{"line":19,"column":19},"end":{"line":20,"column":87}},"14":{"start":{"line":20,"column":8},"end":{"line":20,"column":86}},"15":{"start":{"line":22,"column":4},"end":{"line":22,"column":20}},"16":{"start":{"line":25,"column":0},"end":{"line":64,"column":3}},"17":{"start":{"line":26,"column":20},"end":{"line":26,"column":38}},"18":{"start":{"line":27,"column":4},"end":{"line":27,"column":62}},"19":{"start":{"line":27,"column":15},"end":{"line":27,"column":62}},"20":{"start":{"line":29,"column":22},"end":{"line":30,"column":85}},"21":{"start":{"line":30,"column":4},"end":{"line":30,"column":84}},"22":{"start":{"line":32,"column":19},"end":{"line":33,"column":82}},"23":{"start":{"line":33,"column":4},"end":{"line":33,"column":81}},"24":{"start":{"line":35,"column":4},"end":{"line":35,"column":87}},"25":{"start":{"line":35,"column":34},"end":{"line":35,"column":87}},"26":{"start":{"line":37,"column":19},"end":{"line":49,"column":6}},"27":{"start":{"line":51,"column":4},"end":{"line":62,"column":5}},"28":{"start":{"line":52,"column":8},"end":{"line":56,"column":18}},"29":{"start":{"line":58,"column":11},"end":{"line":58,"column":28}},"30":{"start":{"line":61,"column":8},"end":{"line":61,"column":50}},"31":{"start":{"line":66,"column":0},"end":{"line":75,"column":3}},"32":{"start":{"line":67,"column":20},"end":{"line":67,"column":38}},"33":{"start":{"line":68,"column":4},"end":{"line":68,"column":68}},"34":{"start":{"line":68,"column":14},"end":{"line":68,"column":68}},"35":{"start":{"line":70,"column":19},"end":{"line":72,"column":83}},"36":{"start":{"line":72,"column":4},"end":{"line":72,"column":82}},"37":{"start":{"line":74,"column":4},"end":{"line":74,"column":21}},"38":{"start":{"line":77,"column":0},"end":{"line":82,"column":3}},"39":{"start":{"line":78,"column":19},"end":{"line":79,"column":83}},"40":{"start":{"line":79,"column":4},"end":{"line":79,"column":82}},"41":{"start":{"line":81,"column":4},"end":{"line":81,"column":21}},"42":{"start":{"line":84,"column":0},"end":{"line":84,"column":24}}},"fnMap":{"0":{"name":"(anonymous_0)","decl":{"start":{"line":13,"column":16},"end":{"line":13,"column":17}},"loc":{"start":{"line":13,"column":34},"end":{"line":16,"column":1}},"line":13},"1":{"name":"(anonymous_1)","decl":{"start":{"line":18,"column":19},"end":{"line":18,"column":20}},"loc":{"start":{"line":18,"column":37},"end":{"line":23,"column":1}},"line":18},"2":{"name":"(anonymous_2)","decl":{"start":{"line":19,"column":62},"end":{"line":19,"column":63}},"loc":{"start":{"line":20,"column":8},"end":{"line":20,"column":86}},"line":20},"3":{"name":"(anonymous_3)","decl":{"start":{"line":25,"column":23},"end":{"line":25,"column":24}},"loc":{"start":{"line":25,"column":41},"end":{"line":64,"column":1}},"line":25},"4":{"name":"(anonymous_4)","decl":{"start":{"line":29,"column":73},"end":{"line":29,"column":74}},"loc":{"start":{"line":30,"column":4},"end":{"line":30,"column":84}},"line":30},"5":{"name":"(anonymous_5)","decl":{"start":{"line":32,"column":64},"end":{"line":32,"column":65}},"loc":{"start":{"line":33,"column":4},"end":{"line":33,"column":81}},"line":33},"6":{"name":"(anonymous_6)","decl":{"start":{"line":66,"column":25},"end":{"line":66,"column":26}},"loc":{"start":{"line":66,"column":43},"end":{"line":75,"column":1}},"line":66},"7":{"name":"(anonymous_7)","decl":{"start":{"line":71,"column":23},"end":{"line":71,"column":24}},"loc":{"start":{"line":72,"column":4},"end":{"line":72,"column":82}},"line":72},"8":{"name":"(anonymous_8)","decl":{"start":{"line":77,"column":28},"end":{"line":77,"column":29}},"loc":{"start":{"line":77,"column":45},"end":{"line":82,"column":1}},"line":77},"9":{"name":"(anonymous_9)","decl":{"start":{"line":78,"column":71},"end":{"line":78,"column":72}},"loc":{"start":{"line":79,"column":4},"end":{"line":79,"column":82}},"line":79}},"branchMap":{"0":{"loc":{"start":{"line":27,"column":4},"end":{"line":27,"column":62}},"type":"if","locations":[{"start":{"line":27,"column":4},"end":{"line":27,"column":62}},{"start":{"line":27,"column":4},"end":{"line":27,"column":62}}],"line":27},"1":{"loc":{"start":{"line":35,"column":4},"end":{"line":35,"column":87}},"type":"if","locations":[{"start":{"line":35,"column":4},"end":{"line":35,"column":87}},{"start":{"line":35,"column":4},"end":{"line":35,"column":87}}],"line":35},"2":{"loc":{"start":{"line":68,"column":4},"end":{"line":68,"column":68}},"type":"if","locations":[{"start":{"line":68,"column":4},"end":{"line":68,"column":68}},{"start":{"line":68,"column":4},"end":{"line":68,"column":68}}],"line":68}},"s":{"0":1,"1":1,"2":1,"3":1,"4":1,"5":1,"6":1,"7":1,"8":1,"9":1,"10":0,"11":0,"12":1,"13":0,"14":0,"15":0,"16":1,"17":0,"18":0,"19":0,"20":0,"21":0,"22":0,"23":0,"24":0,"25":0,"26":0,"27":0,"28":0,"29":0,"30":0,"31":1,"32":0,"33":0,"34":0,"35":0,"36":0,"37":0,"38":1,"39":0,"40":0,"41":0,"42":1},"f":{"0":0,"1":0,"2":0,"3":0,"4":0,"5":0,"6":0,"7":0,"8":0,"9":0},"b":{"0":[0,0],"1":[0,0],"2":[0,0]},"_coverageSchema":"43e27e138ebf9cfc5966b082cf9a028302ed4184","hash":"73391abd61ebbd393430b42759dff8f73cb3a158"}
,"C:\\ERIC\\Node\\practice\\vidly\\routes\\returns.js": {"path":"C:\\ERIC\\Node\\practice\\vidly\\routes\\returns.js","statementMap":{"0":{"start":{"line":1,"column":16},"end":{"line":1,"column":34}},"1":{"start":{"line":2,"column":15},"end":{"line":2,"column":31}},"2":{"start":{"line":3,"column":17},"end":{"line":3,"column":44}},"3":{"start":{"line":4,"column":16},"end":{"line":4,"column":42}},"4":{"start":{"line":5,"column":13},"end":{"line":5,"column":42}},"5":{"start":{"line":6,"column":12},"end":{"line":6,"column":26}},"6":{"start":{"line":7,"column":17},"end":{"line":7,"column":50}},"7":{"start":{"line":10,"column":0},"end":{"line":24,"column":3}},"8":{"start":{"line":11,"column":19},"end":{"line":11,"column":77}},"9":{"start":{"line":13,"column":4},"end":{"line":13,"column":65}},"10":{"start":{"line":13,"column":17},"end":{"line":13,"column":65}},"11":{"start":{"line":15,"column":4},"end":{"line":15,"column":85}},"12":{"start":{"line":15,"column":29},"end":{"line":15,"column":85}},"13":{"start":{"line":17,"column":4},"end":{"line":17,"column":26}},"14":{"start":{"line":19,"column":4},"end":{"line":21,"column":7}},"15":{"start":{"line":23,"column":4},"end":{"line":23,"column":28}},"16":{"start":{"line":27,"column":18},"end":{"line":30,"column":5}},"17":{"start":{"line":31,"column":4},"end":{"line":31,"column":37}},"18":{"start":{"line":34,"column":0},"end":{"line":34,"column":24}}},"fnMap":{"0":{"name":"(anonymous_0)","decl":{"start":{"line":10,"column":52},"end":{"line":10,"column":53}},"loc":{"start":{"line":10,"column":70},"end":{"line":24,"column":1}},"line":10},"1":{"name":"validateReturn","decl":{"start":{"line":26,"column":9},"end":{"line":26,"column":23}},"loc":{"start":{"line":26,"column":28},"end":{"line":32,"column":1}},"line":26}},"branchMap":{"0":{"loc":{"start":{"line":13,"column":4},"end":{"line":13,"column":65}},"type":"if","locations":[{"start":{"line":13,"column":4},"end":{"line":13,"column":65}},{"start":{"line":13,"column":4},"end":{"line":13,"column":65}}],"line":13},"1":{"loc":{"start":{"line":15,"column":4},"end":{"line":15,"column":85}},"type":"if","locations":[{"start":{"line":15,"column":4},"end":{"line":15,"column":85}},{"start":{"line":15,"column":4},"end":{"line":15,"column":85}}],"line":15}},"s":{"0":1,"1":1,"2":1,"3":1,"4":1,"5":1,"6":1,"7":1,"8":7,"9":7,"10":1,"11":6,"12":1,"13":5,"14":5,"15":5,"16":9,"17":9,"18":1},"f":{"0":7,"1":9},"b":{"0":[1,6],"1":[1,5]},"_coverageSchema":"43e27e138ebf9cfc5966b082cf9a028302ed4184","hash":"26b0d00244d02e7fff24ec842802d5290b4f350d"}
,"C:\\ERIC\\Node\\practice\\vidly\\routes\\users.js": {"path":"C:\\ERIC\\Node\\practice\\vidly\\routes\\users.js","statementMap":{"0":{"start":{"line":1,"column":25},"end":{"line":1,"column":50}},"1":{"start":{"line":2,"column":16},"end":{"line":2,"column":34}},"2":{"start":{"line":3,"column":15},"end":{"line":3,"column":31}},"3":{"start":{"line":4,"column":17},"end":{"line":4,"column":36}},"4":{"start":{"line":5,"column":10},"end":{"line":5,"column":27}},"5":{"start":{"line":6,"column":15},"end":{"line":6,"column":32}},"6":{"start":{"line":7,"column":13},"end":{"line":7,"column":42}},"7":{"start":{"line":9,"column":0},"end":{"line":12,"column":3}},"8":{"start":{"line":10,"column":17},"end":{"line":10,"column":70}},"9":{"start":{"line":11,"column":4},"end":{"line":11,"column":19}},"10":{"start":{"line":14,"column":0},"end":{"line":29,"column":3}},"11":{"start":{"line":15,"column":20},"end":{"line":15,"column":38}},"12":{"start":{"line":16,"column":4},"end":{"line":16,"column":69}},"13":{"start":{"line":16,"column":15},"end":{"line":16,"column":69}},"14":{"start":{"line":18,"column":15},"end":{"line":18,"column":59}},"15":{"start":{"line":19,"column":4},"end":{"line":19,"column":73}},"16":{"start":{"line":19,"column":13},"end":{"line":19,"column":73}},"17":{"start":{"line":21,"column":4},"end":{"line":21,"column":69}},"18":{"start":{"line":22,"column":17},"end":{"line":22,"column":41}},"19":{"start":{"line":23,"column":4},"end":{"line":23,"column":59}},"20":{"start":{"line":24,"column":4},"end":{"line":24,"column":65}},"21":{"start":{"line":24,"column":24},"end":{"line":24,"column":63}},"22":{"start":{"line":26,"column":18},"end":{"line":26,"column":42}},"23":{"start":{"line":27,"column":4},"end":{"line":28,"column":53}},"24":{"start":{"line":31,"column":0},"end":{"line":31,"column":24}}},"fnMap":{"0":{"name":"(anonymous_0)","decl":{"start":{"line":9,"column":24},"end":{"line":9,"column":25}},"loc":{"start":{"line":9,"column":41},"end":{"line":12,"column":1}},"line":9},"1":{"name":"(anonymous_1)","decl":{"start":{"line":14,"column":17},"end":{"line":14,"column":18}},"loc":{"start":{"line":14,"column":35},"end":{"line":29,"column":1}},"line":14},"2":{"name":"(anonymous_2)","decl":{"start":{"line":24,"column":20},"end":{"line":24,"column":21}},"loc":{"start":{"line":24,"column":24},"end":{"line":24,"column":63}},"line":24}},"branchMap":{"0":{"loc":{"start":{"line":16,"column":4},"end":{"line":16,"column":69}},"type":"if","locations":[{"start":{"line":16,"column":4},"end":{"line":16,"column":69}},{"start":{"line":16,"column":4},"end":{"line":16,"column":69}}],"line":16},"1":{"loc":{"start":{"line":19,"column":4},"end":{"line":19,"column":73}},"type":"if","locations":[{"start":{"line":19,"column":4},"end":{"line":19,"column":73}},{"start":{"line":19,"column":4},"end":{"line":19,"column":73}}],"line":19}},"s":{"0":1,"1":1,"2":1,"3":1,"4":1,"5":1,"6":1,"7":1,"8":0,"9":0,"10":1,"11":0,"12":0,"13":0,"14":0,"15":0,"16":0,"17":0,"18":0,"19":0,"20":0,"21":0,"22":0,"23":0,"24":1},"f":{"0":0,"1":0,"2":0},"b":{"0":[0,0],"1":[0,0]},"_coverageSchema":"43e27e138ebf9cfc5966b082cf9a028302ed4184","hash":"ac4ed948f87462a3a47094f859d3c602461ea3fc"}
,"C:\\ERIC\\Node\\practice\\vidly\\startup\\config.js": {"path":"C:\\ERIC\\Node\\practice\\vidly\\startup\\config.js","statementMap":{"0":{"start":{"line":1,"column":15},"end":{"line":1,"column":32}},"1":{"start":{"line":4,"column":0},"end":{"line":10,"column":1}},"2":{"start":{"line":6,"column":4},"end":{"line":8,"column":5}},"3":{"start":{"line":7,"column":8},"end":{"line":7,"column":69}}},"fnMap":{"0":{"name":"(anonymous_0)","decl":{"start":{"line":4,"column":17},"end":{"line":4,"column":18}},"loc":{"start":{"line":4,"column":27},"end":{"line":10,"column":1}},"line":4}},"branchMap":{"0":{"loc":{"start":{"line":6,"column":4},"end":{"line":8,"column":5}},"type":"if","locations":[{"start":{"line":6,"column":4},"end":{"line":8,"column":5}},{"start":{"line":6,"column":4},"end":{"line":8,"column":5}}],"line":6}},"s":{"0":1,"1":1,"2":1,"3":0},"f":{"0":1},"b":{"0":[0,1]},"_coverageSchema":"43e27e138ebf9cfc5966b082cf9a028302ed4184","hash":"7ab9f974adbff61ee1a5e6965314d607437ab7f8"}
,"C:\\ERIC\\Node\\practice\\vidly\\startup\\db.js": {"path":"C:\\ERIC\\Node\\practice\\vidly\\startup\\db.js","statementMap":{"0":{"start":{"line":1,"column":16},"end":{"line":1,"column":34}},"1":{"start":{"line":2,"column":17},"end":{"line":2,"column":36}},"2":{"start":{"line":3,"column":15},"end":{"line":3,"column":32}},"3":{"start":{"line":5,"column":0},"end":{"line":13,"column":1}},"4":{"start":{"line":6,"column":15},"end":{"line":6,"column":31}},"5":{"start":{"line":7,"column":4},"end":{"line":12,"column":7}},"6":{"start":{"line":9,"column":8},"end":{"line":9,"column":46}},"7":{"start":{"line":10,"column":8},"end":{"line":10,"column":45}},"8":{"start":{"line":11,"column":8},"end":{"line":11,"column":57}}},"fnMap":{"0":{"name":"(anonymous_0)","decl":{"start":{"line":5,"column":17},"end":{"line":5,"column":18}},"loc":{"start":{"line":5,"column":27},"end":{"line":13,"column":1}},"line":5},"1":{"name":"(anonymous_1)","decl":{"start":{"line":8,"column":10},"end":{"line":8,"column":11}},"loc":{"start":{"line":8,"column":14},"end":{"line":12,"column":5}},"line":8}},"branchMap":{},"s":{"0":1,"1":1,"2":1,"3":1,"4":1,"5":1,"6":1,"7":1,"8":1},"f":{"0":1,"1":1},"b":{},"_coverageSchema":"43e27e138ebf9cfc5966b082cf9a028302ed4184","hash":"8f64989e236453d9b277b8ac1304f6452ea92b61"}
,"C:\\ERIC\\Node\\practice\\vidly\\startup\\logging.js": {"path":"C:\\ERIC\\Node\\practice\\vidly\\startup\\logging.js","statementMap":{"0":{"start":{"line":1,"column":16},"end":{"line":1,"column":34}},"1":{"start":{"line":3,"column":0},"end":{"line":3,"column":32}},"2":{"start":{"line":5,"column":0},"end":{"line":18,"column":1}},"3":{"start":{"line":7,"column":4},"end":{"line":7,"column":71}},"4":{"start":{"line":10,"column":4},"end":{"line":12,"column":74}},"5":{"start":{"line":14,"column":4},"end":{"line":16,"column":7}},"6":{"start":{"line":15,"column":8},"end":{"line":15,"column":17}}},"fnMap":{"0":{"name":"(anonymous_0)","decl":{"start":{"line":5,"column":17},"end":{"line":5,"column":18}},"loc":{"start":{"line":5,"column":28},"end":{"line":18,"column":1}},"line":5},"1":{"name":"(anonymous_1)","decl":{"start":{"line":14,"column":37},"end":{"line":14,"column":38}},"loc":{"start":{"line":14,"column":43},"end":{"line":16,"column":5}},"line":14}},"branchMap":{},"s":{"0":1,"1":1,"2":1,"3":1,"4":1,"5":1,"6":0},"f":{"0":1,"1":0},"b":{},"_coverageSchema":"43e27e138ebf9cfc5966b082cf9a028302ed4184","hash":"98065dee76a906b5dde496a991979eab98a30295"}
,"C:\\ERIC\\Node\\practice\\vidly\\startup\\routes.js": {"path":"C:\\ERIC\\Node\\practice\\vidly\\startup\\routes.js","statementMap":{"0":{"start":{"line":1,"column":16},"end":{"line":1,"column":34}},"1":{"start":{"line":2,"column":13},"end":{"line":2,"column":38}},"2":{"start":{"line":3,"column":15},"end":{"line":3,"column":42}},"3":{"start":{"line":4,"column":15},"end":{"line":4,"column":42}},"4":{"start":{"line":5,"column":16},"end":{"line":5,"column":44}},"5":{"start":{"line":6,"column":16},"end":{"line":6,"column":44}},"6":{"start":{"line":7,"column":18},"end":{"line":7,"column":48}},"7":{"start":{"line":8,"column":14},"end":{"line":8,"column":40}},"8":{"start":{"line":9,"column":13},"end":{"line":9,"column":38}},"9":{"start":{"line":10,"column":14},"end":{"line":10,"column":44}},"10":{"start":{"line":13,"column":0},"end":{"line":24,"column":1}},"11":{"start":{"line":14,"column":4},"end":{"line":14,"column":28}},"12":{"start":{"line":15,"column":4},"end":{"line":15,"column":23}},"13":{"start":{"line":16,"column":4},"end":{"line":16,"column":35}},"14":{"start":{"line":17,"column":4},"end":{"line":17,"column":41}},"15":{"start":{"line":18,"column":4},"end":{"line":18,"column":35}},"16":{"start":{"line":19,"column":4},"end":{"line":19,"column":37}},"17":{"start":{"line":20,"column":4},"end":{"line":20,"column":37}},"18":{"start":{"line":21,"column":4},"end":{"line":21,"column":33}},"19":{"start":{"line":22,"column":4},"end":{"line":22,"column":31}},"20":{"start":{"line":23,"column":4},"end":{"line":23,"column":19}}},"fnMap":{"0":{"name":"(anonymous_0)","decl":{"start":{"line":13,"column":17},"end":{"line":13,"column":18}},"loc":{"start":{"line":13,"column":30},"end":{"line":24,"column":1}},"line":13}},"branchMap":{},"s":{"0":1,"1":1,"2":1,"3":1,"4":1,"5":1,"6":1,"7":1,"8":1,"9":1,"10":1,"11":1,"12":1,"13":1,"14":1,"15":1,"16":1,"17":1,"18":1,"19":1,"20":1},"f":{"0":1},"b":{},"_coverageSchema":"43e27e138ebf9cfc5966b082cf9a028302ed4184","hash":"483d2c35163ce7ec8d975bca789a127d6173db8d"}
,"C:\\ERIC\\Node\\practice\\vidly\\startup\\validation.js": {"path":"C:\\ERIC\\Node\\practice\\vidly\\startup\\validation.js","statementMap":{"0":{"start":{"line":1,"column":12},"end":{"line":1,"column":26}},"1":{"start":{"line":3,"column":0},"end":{"line":5,"column":1}},"2":{"start":{"line":4,"column":4},"end":{"line":4,"column":48}}},"fnMap":{"0":{"name":"(anonymous_0)","decl":{"start":{"line":3,"column":17},"end":{"line":3,"column":18}},"loc":{"start":{"line":3,"column":27},"end":{"line":5,"column":1}},"line":3}},"branchMap":{},"s":{"0":1,"1":1,"2":1},"f":{"0":1},"b":{},"_coverageSchema":"43e27e138ebf9cfc5966b082cf9a028302ed4184","hash":"9b930544ac8fae7b06210452383476d94d8b1cca"}
}
