TN:
SF:C:\ERIC\Node\practice\vidly\index.js
FN:11,(anonymous_0)
FNF:1
FNH:1
FNDA:1,(anonymous_0)
DA:1,1
DA:2,1
DA:3,1
DA:4,1
DA:5,1
DA:6,1
DA:7,1
DA:8,1
DA:10,1
DA:11,1
DA:13,1
LF:11
LH:11
BRDA:10,0,0,1
BRDA:10,0,1,0
BRF:2
BRH:1
end_of_record
TN:
SF:C:\ERIC\Node\practice\vidly\middleware\admin.js
FN:1,(anonymous_0)
FNF:1
FNH:0
FNDA:0,(anonymous_0)
DA:1,1
DA:3,0
DA:5,0
LF:3
LH:1
BRDA:3,0,0,0
BRDA:3,0,1,0
BRF:2
BRH:0
end_of_record
TN:
SF:C:\ERIC\Node\practice\vidly\middleware\auth.js
FN:4,auth
FNF:1
FNH:1
FNDA:10,auth
DA:1,1
DA:2,1
DA:5,10
DA:6,10
DA:8,9
DA:9,9
DA:10,9
DA:11,9
DA:14,0
DA:19,1
LF:10
LH:9
BRDA:6,0,0,1
BRDA:6,0,1,9
BRF:2
BRH:2
end_of_record
TN:
SF:C:\ERIC\Node\practice\vidly\middleware\error.js
FN:3,(anonymous_0)
FNF:1
FNH:0
FNDA:0,(anonymous_0)
DA:1,1
DA:3,1
DA:4,0
DA:5,0
LF:4
LH:2
BRF:0
BRH:0
end_of_record
TN:
SF:C:\ERIC\Node\practice\vidly\middleware\validate.js
FN:1,(anonymous_0)
FN:2,(anonymous_1)
FNF:2
FNH:2
FNDA:1,(anonymous_0)
FNDA:9,(anonymous_1)
DA:1,1
DA:2,1
DA:3,9
DA:4,9
DA:5,7
LF:5
LH:5
BRDA:4,0,0,2
BRDA:4,0,1,7
BRF:2
BRH:2
end_of_record
TN:
SF:C:\ERIC\Node\practice\vidly\middleware\validateObjectID.js
FN:3,(anonymous_0)
FNF:1
FNH:0
FNDA:0,(anonymous_0)
DA:1,1
DA:3,1
DA:4,0
DA:5,0
DA:7,0
LF:5
LH:2
BRDA:4,0,0,0
BRDA:4,0,1,0
BRF:2
BRH:0
end_of_record
TN:
SF:C:\ERIC\Node\practice\vidly\models\customer.js
FN:23,validateCustomer
FNF:1
FNH:0
FNDA:0,validateCustomer
DA:1,1
DA:2,1
DA:4,1
DA:24,0
DA:29,0
DA:32,1
DA:33,1
LF:7
LH:5
BRF:0
BRH:0
end_of_record
TN:
SF:C:\ERIC\Node\practice\vidly\models\genre.js
FN:15,validateGenre
FNF:1
FNH:0
FNDA:0,validateGenre
DA:1,1
DA:2,1
DA:4,1
DA:13,1
DA:16,0
DA:19,0
DA:22,1
DA:23,1
DA:24,1
LF:9
LH:7
BRF:0
BRH:0
end_of_record
TN:
SF:C:\ERIC\Node\practice\vidly\models\movie.js
FN:31,validateMovie
FNF:1
FNH:0
FNDA:0,validateMovie
DA:1,1
DA:2,1
DA:3,1
DA:5,1
DA:32,0
DA:38,0
DA:41,1
DA:42,1
LF:8
LH:6
BRF:0
BRH:0
end_of_record
TN:
SF:C:\ERIC\Node\practice\vidly\models\rental.js
FN:62,(anonymous_0)
FN:69,(anonymous_1)
FN:82,validateRental
FNF:3
FNH:2
FNDA:7,(anonymous_0)
FNDA:5,(anonymous_1)
FNDA:0,validateRental
DA:1,1
DA:2,1
DA:5,1
DA:7,1
DA:62,1
DA:63,7
DA:69,1
DA:70,5
DA:72,5
DA:73,5
DA:75,5
DA:77,5
DA:80,1
DA:83,0
DA:87,0
DA:90,1
DA:91,1
LF:17
LH:15
BRF:0
BRH:0
end_of_record
TN:
SF:C:\ERIC\Node\practice\vidly\models\user.js
FN:29,(anonymous_0)
FN:42,validateUser
FNF:2
FNH:1
FNDA:10,(anonymous_0)
FNDA:0,validateUser
DA:1,2
DA:2,2
DA:3,2
DA:4,2
DA:6,2
DA:29,2
DA:30,10
DA:31,10
DA:36,2
DA:37,2
DA:39,1
DA:43,0
DA:48,0
DA:51,2
DA:52,2
LF:15
LH:13
BRF:0
BRH:0
end_of_record
TN:
SF:C:\ERIC\Node\practice\vidly\routes\auth.js
FN:8,(anonymous_0)
FN:22,validate
FNF:2
FNH:0
FNDA:0,(anonymous_0)
FNDA:0,validate
DA:1,1
DA:2,1
DA:3,1
DA:4,1
DA:5,1
DA:6,1
DA:8,1
DA:9,0
DA:10,0
DA:12,0
DA:13,0
DA:15,0
DA:16,0
DA:18,0
DA:19,0
DA:23,0
DA:27,0
DA:32,1
LF:18
LH:8
BRDA:10,0,0,0
BRDA:10,0,1,0
BRDA:13,1,0,0
BRDA:13,1,1,0
BRDA:16,2,0,0
BRDA:16,2,1,0
BRF:6
BRH:0
end_of_record
TN:
SF:C:\ERIC\Node\practice\vidly\routes\customers.js
FN:9,(anonymous_0)
FN:17,(anonymous_1)
FN:18,(anonymous_2)
FN:24,(anonymous_3)
FN:38,(anonymous_4)
FN:43,(anonymous_5)
FN:50,(anonymous_6)
FN:51,(anonymous_7)
FNF:8
FNH:0
FNDA:0,(anonymous_0)
FNDA:0,(anonymous_1)
FNDA:0,(anonymous_2)
FNDA:0,(anonymous_3)
FNDA:0,(anonymous_4)
FNDA:0,(anonymous_5)
FNDA:0,(anonymous_6)
FNDA:0,(anonymous_7)
DA:1,1
DA:2,1
DA:3,1
DA:4,1
DA:5,1
DA:9,1
DA:10,0
DA:14,0
DA:17,1
DA:18,0
DA:19,0
DA:21,0
DA:24,1
DA:25,0
DA:26,0
DA:28,0
DA:33,0
DA:35,0
DA:38,1
DA:39,0
DA:40,0
DA:42,0
DA:43,0
DA:45,0
DA:47,0
DA:50,1
DA:51,0
DA:52,0
DA:54,0
DA:57,1
LF:30
LH:11
BRDA:26,0,0,0
BRDA:26,0,1,0
BRDA:40,1,0,0
BRDA:40,1,1,0
BRF:4
BRH:0
end_of_record
TN:
SF:C:\ERIC\Node\practice\vidly\routes\genres.js
FN:9,(anonymous_0)
FN:14,(anonymous_1)
FN:22,(anonymous_2)
FN:33,(anonymous_3)
FN:37,(anonymous_4)
FN:43,(anonymous_5)
FN:44,(anonymous_6)
FNF:7
FNH:0
FNDA:0,(anonymous_0)
FNDA:0,(anonymous_1)
FNDA:0,(anonymous_2)
FNDA:0,(anonymous_3)
FNDA:0,(anonymous_4)
FNDA:0,(anonymous_5)
FNDA:0,(anonymous_6)
DA:1,1
DA:2,1
DA:3,1
DA:4,1
DA:5,1
DA:6,1
DA:7,1
DA:9,1
DA:10,0
DA:11,0
DA:14,1
DA:15,0
DA:17,0
DA:19,0
DA:22,1
DA:24,0
DA:25,0
DA:27,0
DA:28,0
DA:30,0
DA:33,1
DA:34,0
DA:35,0
DA:37,0
DA:38,0
DA:40,0
DA:43,1
DA:44,0
DA:45,0
DA:47,0
DA:50,1
LF:31
LH:13
BRDA:17,0,0,0
BRDA:17,0,1,0
BRDA:25,1,0,0
BRDA:25,1,1,0
BRDA:35,2,0,0
BRDA:35,2,1,0
BRF:6
BRH:0
end_of_record
TN:
SF:C:\ERIC\Node\practice\vidly\routes\home.js
FN:4,(anonymous_0)
FNF:1
FNH:0
FNDA:0,(anonymous_0)
DA:1,1
DA:2,1
DA:4,1
DA:5,0
DA:7,1
LF:5
LH:4
BRF:0
BRH:0
end_of_record
TN:
SF:C:\ERIC\Node\practice\vidly\routes\movies.js
FN:9,(anonymous_0)
FN:14,(anonymous_1)
FN:15,(anonymous_2)
FN:21,(anonymous_3)
FN:25,(anonymous_4)
FN:42,(anonymous_5)
FN:46,(anonymous_6)
FN:52,(anonymous_7)
FN:53,(anonymous_8)
FNF:9
FNH:0
FNDA:0,(anonymous_0)
FNDA:0,(anonymous_1)
FNDA:0,(anonymous_2)
FNDA:0,(anonymous_3)
FNDA:0,(anonymous_4)
FNDA:0,(anonymous_5)
FNDA:0,(anonymous_6)
FNDA:0,(anonymous_7)
FNDA:0,(anonymous_8)
DA:1,1
DA:2,1
DA:3,1
DA:4,1
DA:5,1
DA:6,1
DA:9,1
DA:10,0
DA:11,0
DA:14,1
DA:15,0
DA:16,0
DA:18,0
DA:21,1
DA:22,0
DA:23,0
DA:25,0
DA:26,0
DA:28,0
DA:37,0
DA:39,0
DA:42,1
DA:43,0
DA:44,0
DA:46,0
DA:47,0
DA:49,0
DA:52,1
DA:53,0
DA:54,0
DA:56,0
DA:59,1
LF:32
LH:12
BRDA:23,0,0,0
BRDA:23,0,1,0
BRDA:44,1,0,0
BRDA:44,1,1,0
BRF:4
BRH:0
end_of_record
TN:
SF:C:\ERIC\Node\practice\vidly\routes\rentals.js
FN:13,(anonymous_0)
FN:18,(anonymous_1)
FN:19,(anonymous_2)
FN:25,(anonymous_3)
FN:29,(anonymous_4)
FN:32,(anonymous_5)
FN:66,(anonymous_6)
FN:71,(anonymous_7)
FN:77,(anonymous_8)
FN:78,(anonymous_9)
FNF:10
FNH:0
FNDA:0,(anonymous_0)
FNDA:0,(anonymous_1)
FNDA:0,(anonymous_2)
FNDA:0,(anonymous_3)
FNDA:0,(anonymous_4)
FNDA:0,(anonymous_5)
FNDA:0,(anonymous_6)
FNDA:0,(anonymous_7)
FNDA:0,(anonymous_8)
FNDA:0,(anonymous_9)
DA:1,1
DA:2,1
DA:3,1
DA:4,1
DA:5,1
DA:6,1
DA:7,1
DA:8,1
DA:11,1
DA:13,1
DA:14,0
DA:15,0
DA:18,1
DA:19,0
DA:20,0
DA:22,0
DA:25,1
DA:26,0
DA:27,0
DA:29,0
DA:30,0
DA:32,0
DA:33,0
DA:35,0
DA:37,0
DA:51,0
DA:52,0
DA:58,0
DA:61,0
DA:66,1
DA:67,0
DA:68,0
DA:70,0
DA:72,0
DA:74,0
DA:77,1
DA:78,0
DA:79,0
DA:81,0
DA:84,1
LF:40
LH:15
BRDA:27,0,0,0
BRDA:27,0,1,0
BRDA:35,1,0,0
BRDA:35,1,1,0
BRDA:68,2,0,0
BRDA:68,2,1,0
BRF:6
BRH:0
end_of_record
TN:
SF:C:\ERIC\Node\practice\vidly\routes\returns.js
FN:10,(anonymous_0)
FN:26,validateReturn
FNF:2
FNH:2
FNDA:7,(anonymous_0)
FNDA:9,validateReturn
DA:1,1
DA:2,1
DA:3,1
DA:4,1
DA:5,1
DA:6,1
DA:7,1
DA:10,1
DA:11,7
DA:13,7
DA:15,6
DA:17,5
DA:19,5
DA:23,5
DA:27,9
DA:31,9
DA:34,1
LF:17
LH:17
BRDA:13,0,0,1
BRDA:13,0,1,6
BRDA:15,1,0,1
BRDA:15,1,1,5
BRF:4
BRH:4
end_of_record
TN:
SF:C:\ERIC\Node\practice\vidly\routes\users.js
FN:9,(anonymous_0)
FN:14,(anonymous_1)
FN:24,(anonymous_2)
FNF:3
FNH:0
FNDA:0,(anonymous_0)
FNDA:0,(anonymous_1)
FNDA:0,(anonymous_2)
DA:1,1
DA:2,1
DA:3,1
DA:4,1
DA:5,1
DA:6,1
DA:7,1
DA:9,1
DA:10,0
DA:11,0
DA:14,1
DA:15,0
DA:16,0
DA:18,0
DA:19,0
DA:21,0
DA:22,0
DA:23,0
DA:24,0
DA:26,0
DA:27,0
DA:31,1
LF:22
LH:10
BRDA:16,0,0,0
BRDA:16,0,1,0
BRDA:19,1,0,0
BRDA:19,1,1,0
BRF:4
BRH:0
end_of_record
TN:
SF:C:\ERIC\Node\practice\vidly\startup\config.js
FN:4,(anonymous_0)
FNF:1
FNH:1
FNDA:1,(anonymous_0)
DA:1,1
DA:4,1
DA:6,1
DA:7,0
LF:4
LH:3
BRDA:6,0,0,0
BRDA:6,0,1,1
BRF:2
BRH:1
end_of_record
TN:
SF:C:\ERIC\Node\practice\vidly\startup\db.js
FN:5,(anonymous_0)
FN:8,(anonymous_1)
FNF:2
FNH:2
FNDA:1,(anonymous_0)
FNDA:1,(anonymous_1)
DA:1,1
DA:2,1
DA:3,1
DA:5,1
DA:6,1
DA:7,1
DA:9,1
DA:10,1
DA:11,1
LF:9
LH:9
BRF:0
BRH:0
end_of_record
TN:
SF:C:\ERIC\Node\practice\vidly\startup\logging.js
FN:5,(anonymous_0)
FN:14,(anonymous_1)
FNF:2
FNH:1
FNDA:1,(anonymous_0)
FNDA:0,(anonymous_1)
DA:1,1
DA:3,1
DA:5,1
DA:7,1
DA:10,1
DA:14,1
DA:15,0
LF:7
LH:6
BRF:0
BRH:0
end_of_record
TN:
SF:C:\ERIC\Node\practice\vidly\startup\routes.js
FN:13,(anonymous_0)
FNF:1
FNH:1
FNDA:1,(anonymous_0)
DA:1,1
DA:2,1
DA:3,1
DA:4,1
DA:5,1
DA:6,1
DA:7,1
DA:8,1
DA:9,1
DA:10,1
DA:13,1
DA:14,1
DA:15,1
DA:16,1
DA:17,1
DA:18,1
DA:19,1
DA:20,1
DA:21,1
DA:22,1
DA:23,1
LF:21
LH:21
BRF:0
BRH:0
end_of_record
TN:
SF:C:\ERIC\Node\practice\vidly\startup\validation.js
FN:3,(anonymous_0)
FNF:1
FNH:1
FNDA:1,(anonymous_0)
DA:1,1
DA:3,1
DA:4,1
LF:3
LH:3
BRF:0
BRH:0
end_of_record
